<?xml version="1.0" encoding="UTF-8"?>
<!-- Generated by org.testng.reporters.JUnitXMLReporter -->
<testsuite hostname="DESKTOP-E0R0ERN" ignored="0" name="Surefire test" tests="2" failures="0" timestamp="2021-01-28T21:24:52 BRT" time="1.468" errors="0">
  <testcase name="null" time="0.0" classname="com.serasa.common.utils.RunnerClass.Runner">
    <failure type="java.lang.NullPointerException">
      <![CDATA[java.lang.NullPointerException
at com.serasa.hooks.Hooks.tearDown(Hooks.java:38)
at com.serasa.common.utils.RunnerClass.Runner.tearDown(Runner.java:26)
at org.junit.runners.model.FrameworkMethod$1.runReflectiveCall(FrameworkMethod.java:59)
at org.junit.internal.runners.model.ReflectiveCallable.run(ReflectiveCallable.java:12)
at org.junit.runners.model.FrameworkMethod.invokeExplosively(FrameworkMethod.java:56)
at org.junit.internal.runners.statements.RunAfters.invokeMethod(RunAfters.java:46)
at org.junit.internal.runners.statements.RunAfters.evaluate(RunAfters.java:33)
at org.junit.runners.ParentRunner$3.evaluate(ParentRunner.java:306)
at org.junit.runners.ParentRunner.run(ParentRunner.java:413)
at org.junit.runner.JUnitCore.run(JUnitCore.java:137)
at org.junit.runner.JUnitCore.run(JUnitCore.java:115)
at java.util.ArrayList.forEach(ArrayList.java:1257)
... Removed 28 stack frames]]>
    </failure>
  </testcase> <!-- null -->
  <testcase name="main on main(com.serasa.common.utils.RunnerClass.Runner)" time="0.0" classname="com.serasa.common.utils.RunnerClass.Runner">
    <skipped/>
  </testcase> <!-- main on main(com.serasa.common.utils.RunnerClass.Runner) -->
  <testcase name="main on main(com.serasa.common.utils.RunnerClass.Runner)" time="0.0" classname="com.serasa.common.utils.RunnerClass.Runner">
    <skipped/>
  </testcase> <!-- main on main(com.serasa.common.utils.RunnerClass.Runner) -->
</testsuite> <!-- Surefire test -->
