<?xml version="1.0" encoding="UTF-8"?>
<testsuite xmlns:xsi="http://www.w3.org/2001/XMLSchema-instance" xsi:noNamespaceSchemaLocation="https://maven.apache.org/surefire/maven-surefire-plugin/xsd/surefire-test-report.xsd" name="com.serasa.common.utils.RunnerClass.Runner" time="1.912" tests="3" errors="0" skipped="1" failures="1">
  <properties>
[...]
</properties>
  <testcase name="main on main(com.serasa.common.utils.RunnerClass.Runner)" classname="com.serasa.common.utils.RunnerClass.Runner" time="1.382"/>
  <testcase name="main on main(com.serasa.common.utils.RunnerClass.Runner)" classname="com.serasa.common.utils.RunnerClass.Runner" time="0">
    <skipped/>
  </testcase>
  <testcase name="null on com.serasa.common.utils.RunnerClass.Runner" classname="com.serasa.common.utils.RunnerClass.Runner" time="1.393">
    <failure type="java.lang.NullPointerException">java.lang.NullPointerException
	at com.serasa.common.utils.RunnerClass.Runner.tearDown(Runner.java:26)
</failure>
  </testcase>
</testsuite>